-------------------------------------------------------------------------------
Test set: NtTestCase
-------------------------------------------------------------------------------
Tests run: 16, Failures: 1, Errors: 0, Skipped: 0, Time elapsed: 0.135 s <<< FAILURE! - in NtTestCase
testAllInFile{int, boolean, String}[2]  Time elapsed: 0.008 s  <<< FAILURE!
org.opentest4j.AssertionFailedError: hihi ==> expected: <false> but was: <true>
	at NtTestCase.testAllInFile(NtTestCase.java:94)

